0 info it worked if it ends with ok
1 verbose cli [ '/usr/bin/nodejs', '/usr/bin/npm', 'publish' ]
2 info using npm@3.10.10
3 info using node@v6.10.1
4 verbose publish [ '.' ]
5 silly cache add args [ '.', null ]
6 verbose cache add spec .
7 silly cache add parsed spec Result {
7 silly cache add   raw: '.',
7 silly cache add   scope: null,
7 silly cache add   escapedName: null,
7 silly cache add   name: null,
7 silly cache add   rawSpec: '.',
7 silly cache add   spec: '/home/gka/projects/chroma.js',
7 silly cache add   type: 'directory' }
8 verbose addLocalDirectory /home/gka/.npm/chroma-js/1.3.1/package.tgz not in flight; packing
9 verbose correctMkdir /home/gka/.npm correctMkdir not in flight; initializing
10 info lifecycle chroma-js@1.3.1~prepublish: chroma-js@1.3.1
11 silly lifecycle chroma-js@1.3.1~prepublish: no script for prepublish, continuing
12 verbose tar pack [ '/home/gka/.npm/chroma-js/1.3.1/package.tgz',
12 verbose tar pack   '/home/gka/projects/chroma.js' ]
13 verbose tarball /home/gka/.npm/chroma-js/1.3.1/package.tgz
14 verbose folder /home/gka/projects/chroma.js
15 verbose addLocalTarball adding from inside cache /home/gka/.npm/chroma-js/1.3.1/package.tgz
16 verbose correctMkdir /home/gka/.npm correctMkdir not in flight; initializing
17 silly cache afterAdd chroma-js@1.3.1
18 verbose afterAdd /home/gka/.npm/chroma-js/1.3.1/package/package.json not in flight; writing
19 verbose correctMkdir /home/gka/.npm correctMkdir not in flight; initializing
20 verbose afterAdd /home/gka/.npm/chroma-js/1.3.1/package/package.json written
21 silly publish { name: 'chroma-js',
21 silly publish   description: 'JavaScript library for color conversions',
21 silly publish   version: '1.3.1',
21 silly publish   author: { name: 'Gregor Aisch' },
21 silly publish   homepage: 'https://github.com/gka/chroma.js',
21 silly publish   keywords: [ 'color' ],
21 silly publish   maintainers:
21 silly publish    [ { name: 'Klemen Slavič',
21 silly publish        email: 'klemen@celtra.com',
21 silly publish        url: 'http://about.me/klemen.slavic' },
21 silly publish      { name: 'Gregor Aisch',
21 silly publish        email: 'mail@driven-by-data.net',
21 silly publish        url: 'http://driven-by-data.net' } ],
21 silly publish   bugs: { url: 'https://github.com/gka/chroma.js/issues' },
21 silly publish   repository: { type: 'git', url: 'git://github.com/gka/chroma.js.git' },
21 silly publish   main: 'chroma.js',
21 silly publish   scripts:
21 silly publish    { build: 'grunt',
21 silly publish      test: './node_modules/vows/bin/vows --dot-matrix' },
21 silly publish   devDependencies:
21 silly publish    { catty: 'github:gka/catty#coffeescript',
21 silly publish      'coffee-script': '1.9.2',
21 silly publish      'es6-shim': '^0.18.0',
21 silly publish      grunt: '^0.4.5',
21 silly publish      'grunt-contrib-clean': '^0.6.0',
21 silly publish      'grunt-contrib-coffee': '^0.13.0',
21 silly publish      'grunt-contrib-copy': '^1.0.0',
21 silly publish      'grunt-contrib-uglify': '^0.9.1',
21 silly publish      'grunt-replace': '^0.9.2',
21 silly publish      minimatch: '^3.0.2',
21 silly publish      'uglify-js': '2.x',
21 silly publish      vows: '0.8.x' },
21 silly publish   spm: { main: 'chroma.js', ignore: [ 'src', 'doc', 'test' ] },
21 silly publish   readme: '# Chroma.js\n\n[Chroma.js](https://gka.github.io/chroma.js/) is a tiny JavaScript library (14kB) for all kinds of color conversions and color scales.\n\n[![Build Status](https://travis-ci.org/gka/chroma.js.svg?branch=master)](https://travis-ci.org/gka/chroma.js)\n\n### Usage\n\n\nInitiate and manipulate colors:\n\n```javascript\nchroma(\'#D4F880\').darken().hex();  // #9BC04B\n```\n\nWorking with color scales is easy, too:\n\n```javascript\nscale = chroma.scale([\'white\', \'red\']);\nscale(0.5).hex(); // #FF7F7F\n```\n\nLab/Lch interpolation looks better than RGB\n\n```javascript\nchroma.scale([\'white\', \'red\']).mode(\'lab\');\n```\n\nCustom domains! Quantiles! Color Brewer!!\n\n```javascript\nchroma.scale(\'RdYlBu\').domain(myValues, 7, \'quantiles\');\n```\n\nAnd why not use logarithmic color scales once in your life?\n\n```javascript\nchroma.scale([\'lightyellow\', \'navy\']).domain([1, 100000], 7, \'log\');\n```\n\n### Like it?\n\nWhy not dive into the [interactive documentation](http://gka.github.io/chroma.js/) (there\'s a [static version](https://github.com/gka/chroma.js/blob/v1.3.1/docs/src/index.md), too). You can download [chroma.min.js](https://raw.github.com/gka/chroma.js/master/chroma.min.js) or use the [hosted version on cdnjs.com](https://cdnjs.com/libraries/chroma-js).\n\nYou can use it in node.js, too!\n\n    npm install chroma-js\n\n\n### Build instructions\n\nTo compile the coffee-script source files you have to run (might have to ``npm install` first)\n\n    grunt\n\nTo run the tests simply run\n\n    npm test\n\nAnd to update the documentation (thanks!), just do\n\n\tnpm install --global markdown-to-html http-server\n    cd docs/\n    make && make preview\n\n### Similar Libraries / Prior Art\n\n* [Chromatist](https://github.com/jrus/chromatist)\n* [GrapeFruit](https://github.com/xav/Grapefruit) (Python)\n* [colors.py](https://github.com/mattrobenolt/colors.py) (Python)\n* [d3.js](https://github.com/mbostock/d3)\n\n\n### Author\n\nChroma.js is written by [Gregor Aisch](http://driven-by-data.net).\n\n### License\n\nReleased under [BSD license](http://opensource.org/licenses/BSD-3-Clause).\nVersions prior to 0.4 were released under [GPL](http://www.gnu.org/licenses/gpl-3.0).\n\n### Known issues\n\n* HSI color conversion is experimental and produces weird results sometimes\n\n### Further reading\n\n* [How To Avoid Equidistant HSV Colors](https://vis4.net/blog/posts/avoid-equidistant-hsv-colors/)\n* [Mastering Multi-hued Color Scales with Chroma.js](https://vis4.net/blog/posts/mastering-multi-hued-color-scales/)\n',
21 silly publish   readmeFilename: 'readme.md',
21 silly publish   gitHead: 'dbf06502fbd29e2f2bd6ce5531a7a93a8260907c',
21 silly publish   _id: 'chroma-js@1.3.1',
21 silly publish   _shasum: '31a6babba9082647e462c11b5dbcaaec24272b97',
21 silly publish   _from: '.' }
22 verbose getPublishConfig undefined
23 silly mapToRegistry name chroma-js
24 silly mapToRegistry using default registry
25 silly mapToRegistry registry https://registry.npmjs.org/
26 silly mapToRegistry data Result {
26 silly mapToRegistry   raw: 'chroma-js',
26 silly mapToRegistry   scope: null,
26 silly mapToRegistry   escapedName: 'chroma-js',
26 silly mapToRegistry   name: 'chroma-js',
26 silly mapToRegistry   rawSpec: '',
26 silly mapToRegistry   spec: 'latest',
26 silly mapToRegistry   type: 'tag' }
27 silly mapToRegistry uri https://registry.npmjs.org/chroma-js
28 verbose publish registryBase https://registry.npmjs.org/
29 silly publish uploading /home/gka/.npm/chroma-js/1.3.1/package.tgz
30 verbose request uri https://registry.npmjs.org/chroma-js
31 verbose request sending authorization for write operation
32 info attempt registry request try #1 at 2:05:15 PM
33 verbose request using bearer token for auth
34 verbose request id e34d7750a057aee5
35 http request PUT https://registry.npmjs.org/chroma-js
36 http 403 https://registry.npmjs.org/chroma-js
37 verbose headers { 'content-type': 'application/json',
37 verbose headers   'cache-control': 'max-age=300',
37 verbose headers   'content-length': '95',
37 verbose headers   'accept-ranges': 'bytes',
37 verbose headers   date: 'Tue, 04 Apr 2017 12:05:17 GMT',
37 verbose headers   via: '1.1 varnish',
37 verbose headers   connection: 'keep-alive',
37 verbose headers   'x-served-by': 'cache-jfk8130-JFK',
37 verbose headers   'x-cache': 'MISS',
37 verbose headers   'x-cache-hits': '0',
37 verbose headers   'x-timer': 'S1491307516.390336,VS0,VE1471',
37 verbose headers   vary: 'Accept-Encoding' }
38 verbose request invalidating /home/gka/.npm/registry.npmjs.org/chroma-js on PUT
39 error publish Failed PUT 403
40 verbose stack Error: "You cannot publish over the previously published version 1.3.1." : chroma-js
40 verbose stack     at makeError (/usr/lib/node_modules/npm/node_modules/npm-registry-client/lib/request.js:302:12)
40 verbose stack     at CachingRegistryClient.<anonymous> (/usr/lib/node_modules/npm/node_modules/npm-registry-client/lib/request.js:290:14)
40 verbose stack     at Request._callback (/usr/lib/node_modules/npm/node_modules/npm-registry-client/lib/request.js:210:14)
40 verbose stack     at Request.self.callback (/usr/lib/node_modules/npm/node_modules/request/request.js:187:22)
40 verbose stack     at emitTwo (events.js:106:13)
40 verbose stack     at Request.emit (events.js:191:7)
40 verbose stack     at Request.<anonymous> (/usr/lib/node_modules/npm/node_modules/request/request.js:1048:10)
40 verbose stack     at emitOne (events.js:96:13)
40 verbose stack     at Request.emit (events.js:188:7)
40 verbose stack     at IncomingMessage.<anonymous> (/usr/lib/node_modules/npm/node_modules/request/request.js:969:12)
41 verbose statusCode 403
42 verbose pkgid chroma-js
43 verbose cwd /home/gka/projects/chroma.js
44 error Linux 4.4.0-71-generic
45 error argv "/usr/bin/nodejs" "/usr/bin/npm" "publish"
46 error node v6.10.1
47 error npm  v3.10.10
48 error code E403
49 error "You cannot publish over the previously published version 1.3.1." : chroma-js
50 error If you need help, you may report this error at:
50 error     <https://github.com/npm/npm/issues>
51 verbose exit [ 1, true ]
